<?xml version="1.0" encoding="UTF-8"?>
<!-- Generated by org.testng.reporters.JUnitXMLReporter -->
<testsuite hostname="DESKTOP-M85M4JA" ignored="0" name="Test" tests="6" failures="1" timestamp="13 May 2020 18:22:12 GMT" time="63.284" errors="0">
  <testcase name="abc" time="48.858" classname="lol.Fedg.firstClass"/>
  <testcase name="ADDplace" time="10.533" classname="RESTAssured.AddPlaceClass"/>
  <testcase name="orange" time="1.276" classname="RESTAssured.AddPlaceWithDataFromExternalSource"/>
  <testcase name="getPlaceClass" time="2.029" classname="RESTAssured.GetPlace"/>
  <testcase name="OperationsOnJsonOutput" time="0.502" classname="RESTAssured.JsonBodyDemoClass"/>
  <testcase name="yellow" time="0.006" classname="RESTAssured.AddPlaceWithDataParemterization">
    <failure type="org.testng.internal.reflect.MethodMatcherException" message="
Data provider mismatch
Method: yellow([])
Arguments: [(java.lang.String) aaa,(java.lang.String) df,(java.lang.String) gf]">
      <![CDATA[org.testng.internal.reflect.MethodMatcherException: 
Data provider mismatch
Method: yellow([])
Arguments: [(java.lang.String) aaa,(java.lang.String) df,(java.lang.String) gf]
... Removed 24 stack frames]]>
    </failure>
  </testcase> <!-- yellow -->
</testsuite> <!-- Test -->
