<?xml version="1.0" encoding="UTF-8"?>
<!-- Generated by org.testng.reporters.JUnitXMLReporter -->
<testsuite hostname="DESKTOP-M85M4JA" ignored="0" name="Test" tests="6" failures="1" timestamp="03 May 2020 17:26:44 GMT" time="43.623" errors="0">
  <testcase name="abc" time="25.084" classname="lol.Fedg.firstClass"/>
  <testcase name="ADDplace" time="14.893" classname="RESTAssured.AddPlaceClass"/>
  <testcase name="orange" time="0.85" classname="RESTAssured.AddPlaceWithDataFromExternalSource"/>
  <testcase name="getPlaceClass" time="2.157" classname="RESTAssured.GetPlace"/>
  <testcase name="OperationsOnJsonOutput" time="0.527" classname="RESTAssured.JsonBodyDemoClass"/>
  <testcase name="yellow" time="0.009" classname="RESTAssured.AddPlaceWithDataParemterization">
    <failure type="org.testng.internal.reflect.MethodMatcherException" message="
Data provider mismatch
Method: yellow([])
Arguments: [(java.lang.String) aaa,(java.lang.String) df,(java.lang.String) gf]">
      <![CDATA[org.testng.internal.reflect.MethodMatcherException: 
Data provider mismatch
Method: yellow([])
Arguments: [(java.lang.String) aaa,(java.lang.String) df,(java.lang.String) gf]
... Removed 24 stack frames]]>
    </failure>
  </testcase> <!-- yellow -->
</testsuite> <!-- Test -->
